<?xml version="1.0" encoding="UTF-8"?>
<testsuite xmlns:xsi="http://www.w3.org/2001/XMLSchema-instance" xsi:noNamespaceSchemaLocation="https://maven.apache.org/surefire/maven-surefire-plugin/xsd/surefire-test-report-3.0.xsd" version="3.0" name="CalculadoraTest" time="0.238" tests="5" errors="0" skipped="0" failures="0">
  <properties>
[...]
</properties>
  <testcase name="testCalculadora" classname="CalculadoraTest" time="0.078">
    <system-out><![CDATA[---Inicio de las pruebas---
Realizando suma...
Realizando resta...
Realizando multiplicación...
Realizando división...
Error: División por cero. Lanzando excepción...
]]></system-out>
  </testcase>
  <testcase name="testSumar" classname="CalculadoraTest" time="0.007">
    <system-out><![CDATA[Realizando suma...
Realizando suma...
Realizando suma...
]]></system-out>
  </testcase>
  <testcase name="testMultiplicar" classname="CalculadoraTest" time="0.006">
    <system-out><![CDATA[Realizando multiplicación...
Realizando multiplicación...
Realizando multiplicación...
]]></system-out>
  </testcase>
  <testcase name="testDividir" classname="CalculadoraTest" time="0.007">
    <system-out><![CDATA[Realizando división...
Realizando división...
Error: División por cero. Lanzando excepción...
]]></system-out>
  </testcase>
  <testcase name="testRestar" classname="CalculadoraTest" time="0.008">
    <system-out><![CDATA[Realizando resta...
Realizando resta...
Realizando resta...
]]></system-out>
  </testcase>
</testsuite>